===== Mon Aug 27 09:28:09 IST 2018 =====
CO2=405
NO2=2.1267
CO=.7445
SO2=.8635
AQI=154
==========



===== Mon Aug 27 09:33:19 IST 2018 =====
CO2=419
NO2=2.0467
CO=.1239
SO2=.7484
AQI=163
==========



===== Mon Aug 27 09:37:20 IST 2018 =====
CO2=356
NO2=2.1728
CO=.0412
SO2=.8985
AQI=100
==========



===== Mon Aug 27 09:37:46 IST 2018 =====
CO2=397
NO2=2.0347
CO=.0863
SO2=.7032
AQI=145
==========



===== Mon Aug 27 09:38:43 IST 2018 =====
CO2=353
NO2=2.0958
CO=.1681
SO2=.8431
AQI=111
==========



===== Mon Aug 27 09:39:14 IST 2018 =====
CO2=415
NO2=2.0500
CO=.8217
SO2=.7900
AQI=122
==========



===== Mon Aug 27 09:39:44 IST 2018 =====
CO2=431
NO2=2.1221
CO=.7381
SO2=.8817
AQI=132
==========



===== Mon Aug 27 09:40:14 IST 2018 =====
CO2=402
NO2=2.1552
CO=.3953
SO2=.7762
AQI=121
==========



===== Mon Aug 27 09:40:58 IST 2018 =====
CO2=350
NO2=2.0850
CO=.2961
SO2=.8212
AQI=130
==========



